<?xml version="1.0" encoding="UTF-8"?>
<testsuite name="NotificationManagerTest" tests="1" skipped="0" failures="0" errors="0" timestamp="2024-08-06T23:49:27" hostname="Brandons-MacBook-Air.local" time="1.993">
  <properties/>
  <testcase name="sendSaleNotificationsOut_withListOfTasks_callsRunOnEach()" classname="NotificationManagerTest" time="1.993"/>
  <system-out><![CDATA[]]></system-out>
  <system-err><![CDATA[]]></system-err>
</testsuite>
